Step: build-step-credential-initializer:

{"level":"warn","ts":1554646050.9999695,"logger":"fallback-logger","caller":"logging/config.go:65","msg":"Fetch GitHub commit ID from kodata failed: \"ref: refs/heads/test\" is not a valid GitHub commit ID"}
{"level":"info","ts":1554646051.0003617,"logger":"fallback-logger","caller":"creds-init/main.go:40","msg":"Credentials initialized."}
Step: build-step-git-source-0:

{"level":"warn","ts":1554646051.8497047,"logger":"fallback-logger","caller":"logging/config.go:65","msg":"Fetch GitHub commit ID from kodata failed: \"ref: refs/heads/test\" is not a valid GitHub commit ID"}
{"level":"info","ts":1554646051.9972713,"logger":"fallback-logger","caller":"git-init/main.go:92","msg":"Successfully cloned \"https://github.com/*******/nodejs2.git\" @ \"master\" in path \"/workspace\""}
Step: build-step-jenkins:

Picked up _JAVA_OPTIONS: -Xmx400m
Started
Running in Durability level: PERFORMANCE_OPTIMIZED
  13.182 [id=30]	WARNING	i.f.k.c.i.VersionUsageUtils#alert: The client is using resource type 'customresourcedefinitions' with unstable version 'v1beta1'
[Pipeline] Start of Pipeline
[Pipeline] node
Running on Jenkins in /tmp/jenkinsTests.tmp/jenkins997249326522689866test/workspace/job
[Pipeline] {
[Pipeline] stage
[Pipeline] { (Declarative: Checkout SCM)
[Pipeline] checkout
[Pipeline] }
[Pipeline] // stage
[Pipeline] withCredentials
Masking only exact matches of $CHARTMUSEUM_CREDS or $CHARTMUSEUM_CREDS_USR or $CHARTMUSEUM_CREDS_PSW
[Pipeline] {
[Pipeline] withEnv
[Pipeline] {
[Pipeline] stage
[Pipeline] { (CI Build and push snapshot)
Stage "CI Build and push snapshot" skipped due to when conditional
[Pipeline] }
[Pipeline] // stage
[Pipeline] stage
[Pipeline] { (Build Release)
[Pipeline] git
 > git rev-parse --is-inside-work-tree # timeout=10
Fetching changes from the remote Git repository
 > git config remote.origin.url https://github.com/*******/nodejs2.git # timeout=10
Fetching upstream changes from https://github.com/*******/nodejs2.git
 > git --version # timeout=10
 > git fetch --tags --progress https://github.com/*******/nodejs2.git +refs/heads/*:refs/remotes/origin/*
 > git rev-parse refs/remotes/origin/master^{commit} # timeout=10
 > git rev-parse refs/remotes/origin/origin/master^{commit} # timeout=10
Checking out Revision a83fe94009dc7eb6ecc7c2771e6cc89ec9f178ca (refs/remotes/origin/master)
 > git config core.sparsecheckout # timeout=10
 > git checkout -f a83fe94009dc7eb6ecc7c2771e6cc89ec9f178ca
 > git branch -a -v --no-abbrev # timeout=10
 > git branch -D master # timeout=10
 > git checkout -b master a83fe94009dc7eb6ecc7c2771e6cc89ec9f178ca
Commit message: "Draft create"
First time build. Skipping changelog.
[Pipeline] sh
+ **-release-version
+ echo 0.0.1
[Pipeline] sh
+ cat VERSION
+ ** step tag --version 0.0.1
Updating chart version in charts/nodejs2/Chart.yaml to 0.0.1
Updating repository in charts/nodejs2/values.yaml to 10.3.0.167:5000/*******/nodejs2
Updating tag in charts/nodejs2/values.yaml to 0.0.1
Tag v0.0.1 created and pushed to remote origin
[Pipeline] sh
+ npm install
npm notice created a lockfile as package-lock.json. You should commit this file.
npm WARN REPLACE_ME@1.0.0 No repository field.
npm WARN REPLACE_ME@1.0.0 No license field.

up to date in 0.077s
[Pipeline] sh
+ CI=true DISPLAY=:99 npm test

> REPLACE_ME@1.0.0 test /tmp/jenkinsTests.tmp/jenkins997249326522689866test/workspace/job
> echo "no test specified" && exit 0

no test specified
[Pipeline] sh
+ cat VERSION
+ export VERSION=0.0.1
+ skaffold build -f skaffold.yaml
time="2019-04-07T14:09:58Z" level=warning msg="config version (skaffold/v1beta2) out of date: upgrading to latest (skaffold/v1beta7)"
Generating tags...
 - changeme -> 10.3.0.167:5000/*******/nodejs2:0.0.1
Tags generated in 343.401µs
Starting build...
Building [changeme]...
Sending build context to Docker daemon  115.2kB
Step 1/6 : FROM node:9-slim
 ---> e20bb4abe4ee
Step 2/6 : ENV PORT 8080
 ---> Using cache
 ---> 49bca859a9c9
Step 3/6 : EXPOSE 8080
 ---> Using cache
 ---> 5f71e40a34ea
Step 4/6 : WORKDIR /usr/src/app
 ---> Using cache
 ---> 5326f13bdcdf
Step 5/6 : COPY . .
 ---> 34056ba39eea
Step 6/6 : CMD ["npm", "start"]
 ---> Running in 9a2a8ca0c18d
 ---> 2302132f753d
Successfully built 2302132f753d
Successfully tagged 10.3.0.167:5000/*******/nodejs2:0.0.1
The push refers to repository [10.3.0.167:5000/*******/nodejs2]
bbb7133adf2c: Preparing
26c683e848dc: Preparing
e16c226cf2a8: Preparing
7fd597d009e4: Preparing
7c6ab5fb7059: Preparing
ed271eac23e9: Preparing
156ff16f37e4: Preparing
ed271eac23e9: Waiting
156ff16f37e4: Waiting
26c683e848dc: Mounted from *******/nodejs
e16c226cf2a8: Mounted from *******/nodejs
7fd597d009e4: Mounted from *******/nodejs
7c6ab5fb7059: Mounted from *******/nodejs
ed271eac23e9: Mounted from *******/nodejs
156ff16f37e4: Mounted from *******/nodejs
bbb7133adf2c: Pushed
0.0.1: digest: sha256:ebd0c252f6357e360eb257be594f9d69e29ed73193557b6524881b66b2e0196c size: 1786
Build complete in 3.828236259s
Starting test...
Test complete in 4.3µs
Complete in 3.858694215s
[Pipeline] sh
+ cat VERSION
+ ** step post build --image 10.3.0.167:5000/*******/nodejs2:0.0.1
[Pipeline] }
[Pipeline] // stage
[Pipeline] stage
[Pipeline] { (Promote to Environments)
[Pipeline] dir
Running in /tmp/jenkinsTests.tmp/jenkins997249326522689866test/workspace/job/charts/nodejs2
[Pipeline] {
[Pipeline] sh
+ cat ../../VERSION
+ ** step changelog --batch-mode --version v0.0.1
Converted /tmp/jenkinsTests.tmp/jenkins997249326522689866test/workspace/job/charts/nodejs2 to an unshallow repository
Generating change log from git ref a83fe94009dc7eb6ecc7c2771e6cc89ec9f178ca => aeab37893721a425cc09fb0719d5a331db4d9b1f
Failed to enrich commits with issues: User.jenkins.io "-0" is invalid: metadata.name: Invalid value: "-0": a DNS-1123 subdomain must consist of lower case alphanumeric characters, '-' or '.', and must start and end with an alphanumeric character (e.g. 'example.com', regex used for validation is '[a-z0-9]([-a-z0-9]*[a-z0-9])?(\.[a-z0-9]([-a-z0-9]*[a-z0-9])?)*')
Failed to enrich commits with issues: User.jenkins.io "-0" is invalid: metadata.name: Invalid value: "-0": a DNS-1123 subdomain must consist of lower case alphanumeric characters, '-' or '.', and must start and end with an alphanumeric character (e.g. 'example.com', regex used for validation is '[a-z0-9]([-a-z0-9]*[a-z0-9])?(\.[a-z0-9]([-a-z0-9]*[a-z0-9])?)*')
Finding issues in commit messages using git format
No release found for *******/nodejs2 and tag v0.0.1 so creating a new release
Updated the release information at https://github.com/*******/nodejs2/releases/tag/v0.0.1
generated: /tmp/jenkinsTests.tmp/jenkins997249326522689866test/workspace/job/charts/nodejs2/templates/release.yaml
Created Release nodejs2-0-0-1 resource in namespace **
Updating PipelineActivity *******-nodejs2-master-1 with version 0.0.1
Updated PipelineActivities *******-nodejs2-master-1 with release notes URL: https://github.com/*******/nodejs2/releases/tag/v0.0.1
[Pipeline] sh
+ ** step helm release
No $CHART_REPOSITORY defined so using the default value of: http://jenkins-x-chartmuseum:8080
Adding missing Helm repo: jenkins-x http://chartmuseum.jenkins-x.io
Successfully added Helm repository jenkins-x.
Adding missing Helm repo: releases http://jenkins-x-chartmuseum:8080
Successfully added Helm repository releases.
No $CHART_REPOSITORY defined so using the default value of: http://jenkins-x-chartmuseum:8080
Uploading chart file nodejs2-0.0.1.tgz to http://jenkins-x-chartmuseum:8080/api/charts
Received 401 response: {"error":"unauthorized"}
error: Failed to post chart to http://jenkins-x-chartmuseum:8080/api/charts due to response 401: {"error":"unauthorized"}
[Pipeline] }
[Pipeline] // dir
[Pipeline] }
[Pipeline] // stage
[Pipeline] }
[Pipeline] // withEnv
[Pipeline] }
[Pipeline] // withCredentials
[Pipeline] }
[Pipeline] // node
[Pipeline] End of Pipeline
ERROR: script returned exit code 1
Finished: FAILURE
